<?xml version="1.0" encoding="UTF-8"?>
<!-- Generated by org.testng.reporters.JUnitReportReporter -->
<testsuite hostname="VIVEK" failures="0" tests="4" name="testcases.LoginTest" time="36.828" errors="0" timestamp="2023-06-21T19:17:18 EDT" skipped="0">
  <testcase classname="testcases.LoginTest" name="title" time="8.304"/>
  <system-out/>
  <testcase classname="testcases.LoginTest" name="login" time="9.539"/>
  <system-out/>
  <testcase classname="testcases.LoginTest" name="login" time="8.761"/>
  <system-out/>
  <testcase classname="testcases.LoginTest" name="login" time="10.224"/>
  <system-out/>
</testsuite> <!-- testcases.LoginTest -->
